<?xml version="1.0" encoding="UTF-8" ?>
<testsuite tests="3" failures="3" name="TestSuite" time="0.258" errors="0" skipped="0">
  <properties>
[...]
</properties>
  <testcase classname="gapp.model.dao.ApplicationDaoTest" name="listApplication" time="0.218">
    <failure type="java.lang.AssertionError">java.lang.AssertionError
	at gapp.model.dao.ApplicationDaoTest.listApplication(ApplicationDaoTest.java:24)
</failure>
    <system-out>Configuring TestNG with: org.apache.maven.surefire.testng.conf.TestNG652Configurator@1055e4af
</system-out>
    <system-err>Feb 16, 2016 12:47:35 AM org.springframework.test.context.support.DefaultTestContextBootstrapper getTestExecutionListeners
INFO: Using TestExecutionListeners: [org.springframework.test.context.web.ServletTestExecutionListener@7fac631b, org.springframework.test.context.support.DependencyInjectionTestExecutionListener@5b87ed94, org.springframework.test.context.support.DirtiesContextTestExecutionListener@6e0e048a, org.springframework.test.context.transaction.TransactionalTestExecutionListener@5bc79255, org.springframework.test.context.jdbc.SqlScriptsTestExecutionListener@47ef968d]
Feb 16, 2016 12:47:35 AM org.springframework.test.context.support.DefaultTestContextBootstrapper getTestExecutionListeners
INFO: Using TestExecutionListeners: [org.springframework.test.context.web.ServletTestExecutionListener@2758fe70, org.springframework.test.context.support.DependencyInjectionTestExecutionListener@1f36e637, org.springframework.test.context.support.DirtiesContextTestExecutionListener@578486a3, org.springframework.test.context.transaction.TransactionalTestExecutionListener@551aa95a, org.springframework.test.context.jdbc.SqlScriptsTestExecutionListener@35d176f7]
Feb 16, 2016 12:47:35 AM org.springframework.beans.factory.xml.XmlBeanDefinitionReader loadBeanDefinitions
INFO: Loading XML bean definitions from class path resource [applicationContext.xml]
Feb 16, 2016 12:47:36 AM org.springframework.context.support.GenericApplicationContext prepareRefresh
INFO: Refreshing org.springframework.context.support.GenericApplicationContext@6950e31: startup date [Tue Feb 16 00:47:36 PST 2016]; root of context hierarchy
Feb 16, 2016 12:47:36 AM org.springframework.orm.jpa.LocalContainerEntityManagerFactoryBean createNativeEntityManagerFactory
INFO: Building JPA container EntityManagerFactory for persistence unit &apos;gapp&apos;
Feb 16, 2016 12:47:37 AM org.hibernate.annotations.common.Version &lt;clinit&gt;
INFO: HCANN000001: Hibernate Commons Annotations {4.0.2.Final}
Feb 16, 2016 12:47:37 AM org.hibernate.Version logVersion
INFO: HHH000412: Hibernate Core {4.2.19.Final}
Feb 16, 2016 12:47:37 AM org.hibernate.cfg.Environment &lt;clinit&gt;
INFO: HHH000206: hibernate.properties not found
Feb 16, 2016 12:47:37 AM org.hibernate.cfg.Environment buildBytecodeProvider
INFO: HHH000021: Bytecode provider name : javassist
Feb 16, 2016 12:47:37 AM org.hibernate.ejb.Ejb3Configuration configure
INFO: HHH000204: Processing PersistenceUnitInfo [
	name: gapp
	...]
Feb 16, 2016 12:47:37 AM org.hibernate.service.jdbc.connections.internal.ConnectionProviderInitiator instantiateExplicitConnectionProvider
INFO: HHH000130: Instantiating explicit connection provider: org.hibernate.ejb.connection.InjectedDataSourceConnectionProvider
Feb 16, 2016 12:47:37 AM org.hibernate.dialect.Dialect &lt;init&gt;
INFO: HHH000400: Using dialect: org.hibernate.dialect.PostgreSQLDialect
Feb 16, 2016 12:47:37 AM org.hibernate.engine.jdbc.internal.LobCreatorBuilder useContextualLobCreation
INFO: HHH000424: Disabling contextual LOB creation as createClob() method threw error : java.lang.reflect.InvocationTargetException
Feb 16, 2016 12:47:38 AM org.hibernate.engine.transaction.internal.TransactionFactoryInitiator initiateService
INFO: HHH000268: Transaction strategy: org.hibernate.engine.transaction.internal.jdbc.JdbcTransactionFactory
Feb 16, 2016 12:47:38 AM org.hibernate.hql.internal.ast.ASTQueryTranslatorFactory &lt;init&gt;
INFO: HHH000397: Using ASTQueryTranslatorFactory
Feb 16, 2016 12:47:39 AM org.springframework.test.context.transaction.TransactionContext startTransaction
INFO: Began transaction (1) for test context [DefaultTestContext@1059754c testClass = ApplicationDaoTest, testInstance = gapp.model.dao.ApplicationDaoTest@48503868, testMethod = listApplication@ApplicationDaoTest, testException = [null], mergedContextConfiguration = [MergedContextConfiguration@b0964b2 testClass = ApplicationDaoTest, locations = &apos;{classpath:applicationContext.xml}&apos;, classes = &apos;{}&apos;, contextInitializerClasses = &apos;[]&apos;, activeProfiles = &apos;{}&apos;, propertySourceLocations = &apos;{}&apos;, propertySourceProperties = &apos;{}&apos;, contextLoader = &apos;org.springframework.test.context.support.DelegatingSmartContextLoader&apos;, parent = [null]]]; transaction manager [org.springframework.orm.jpa.JpaTransactionManager@48e7b3d2]; rollback [true]
</system-err>
  </testcase>
  <testcase classname="gapp.model.dao.ApplicationDaoTest" name="listSubmited" time="0.011">
    <failure message="org.hibernate.QueryException: could not resolve property: username of: gapp.model.Users [from gapp.model.Application where student.user.username = &apos;student1&apos; and student.user.email = &apos;student1@localhost.localdomain&apos;]; nested exception is java.lang.IllegalArgumentException: org.hibernate.QueryException: could not resolve property: username of: gapp.model.Users [from gapp.model.Application where student.user.username = &apos;student1&apos; and student.user.email = &apos;student1@localhost.localdomain&apos;]" type="org.springframework.dao.InvalidDataAccessApiUsageException">org.springframework.dao.InvalidDataAccessApiUsageException: org.hibernate.QueryException: could not resolve property: username of: gapp.model.Users [from gapp.model.Application where student.user.username = &apos;student1&apos; and student.user.email = &apos;student1@localhost.localdomain&apos;]; nested exception is java.lang.IllegalArgumentException: org.hibernate.QueryException: could not resolve property: username of: gapp.model.Users [from gapp.model.Application where student.user.username = &apos;student1&apos; and student.user.email = &apos;student1@localhost.localdomain&apos;]
	at org.springframework.orm.jpa.EntityManagerFactoryUtils.convertJpaAccessExceptionIfPossible(EntityManagerFactoryUtils.java:381)
	at org.springframework.orm.jpa.AbstractEntityManagerFactoryBean.translateExceptionIfPossible(AbstractEntityManagerFactoryBean.java:418)
	at org.springframework.dao.support.ChainedPersistenceExceptionTranslator.translateExceptionIfPossible(ChainedPersistenceExceptionTranslator.java:59)
	at org.springframework.dao.support.DataAccessUtils.translateIfNecessary(DataAccessUtils.java:213)
	at org.springframework.dao.support.PersistenceExceptionTranslationInterceptor.invoke(PersistenceExceptionTranslationInterceptor.java:147)
	at org.springframework.aop.framework.ReflectiveMethodInvocation.proceed(ReflectiveMethodInvocation.java:179)
	at org.springframework.aop.framework.JdkDynamicAopProxy.invoke(JdkDynamicAopProxy.java:208)
	at com.sun.proxy.$Proxy34.listSubmitted(Unknown Source)
	at gapp.model.dao.ApplicationDaoTest.listSubmited(ApplicationDaoTest.java:30)
Caused by: java.lang.IllegalArgumentException: org.hibernate.QueryException: could not resolve property: username of: gapp.model.Users [from gapp.model.Application where student.user.username = &apos;student1&apos; and student.user.email = &apos;student1@localhost.localdomain&apos;]
	at org.hibernate.ejb.AbstractEntityManagerImpl.convert(AbstractEntityManagerImpl.java:1374)
	at org.hibernate.ejb.AbstractEntityManagerImpl.convert(AbstractEntityManagerImpl.java:1310)
	at org.hibernate.ejb.AbstractEntityManagerImpl.createQuery(AbstractEntityManagerImpl.java:309)
	at sun.reflect.NativeMethodAccessorImpl.invoke0(Native Method)
	at sun.reflect.NativeMethodAccessorImpl.invoke(NativeMethodAccessorImpl.java:62)
	at sun.reflect.DelegatingMethodAccessorImpl.invoke(DelegatingMethodAccessorImpl.java:43)
	at java.lang.reflect.Method.invoke(Method.java:483)
	at org.springframework.orm.jpa.SharedEntityManagerCreator$SharedEntityManagerInvocationHandler.invoke(SharedEntityManagerCreator.java:291)
	at com.sun.proxy.$Proxy31.createQuery(Unknown Source)
	at gapp.model.dao.jpa.ApplicationDaoImpl.listSubmitted(ApplicationDaoImpl.java:36)
	at sun.reflect.NativeMethodAccessorImpl.invoke0(Native Method)
	at sun.reflect.NativeMethodAccessorImpl.invoke(NativeMethodAccessorImpl.java:62)
	at sun.reflect.DelegatingMethodAccessorImpl.invoke(DelegatingMethodAccessorImpl.java:43)
	at java.lang.reflect.Method.invoke(Method.java:483)
	at org.springframework.aop.support.AopUtils.invokeJoinpointUsingReflection(AopUtils.java:302)
	at org.springframework.aop.framework.ReflectiveMethodInvocation.invokeJoinpoint(ReflectiveMethodInvocation.java:190)
	at org.springframework.aop.framework.ReflectiveMethodInvocation.proceed(ReflectiveMethodInvocation.java:157)
	at org.springframework.dao.support.PersistenceExceptionTranslationInterceptor.invoke(PersistenceExceptionTranslationInterceptor.java:136)
	... 41 more
Caused by: org.hibernate.QueryException: could not resolve property: username of: gapp.model.Users [from gapp.model.Application where student.user.username = &apos;student1&apos; and student.user.email = &apos;student1@localhost.localdomain&apos;]
	at org.hibernate.persister.entity.AbstractPropertyMapping.propertyException(AbstractPropertyMapping.java:83)
	at org.hibernate.persister.entity.AbstractPropertyMapping.toType(AbstractPropertyMapping.java:77)
	at org.hibernate.persister.entity.AbstractEntityPersister.toType(AbstractEntityPersister.java:1967)
	at org.hibernate.hql.internal.ast.tree.FromElementType.getPropertyType(FromElementType.java:313)
	at org.hibernate.hql.internal.ast.tree.FromElement.getPropertyType(FromElement.java:490)
	at org.hibernate.hql.internal.ast.tree.DotNode.getDataType(DotNode.java:632)
	at org.hibernate.hql.internal.ast.tree.DotNode.prepareLhs(DotNode.java:270)
	at org.hibernate.hql.internal.ast.tree.DotNode.resolve(DotNode.java:214)
	at org.hibernate.hql.internal.ast.tree.FromReferenceNode.resolve(FromReferenceNode.java:119)
	at org.hibernate.hql.internal.ast.tree.FromReferenceNode.resolve(FromReferenceNode.java:115)
	at org.hibernate.hql.internal.ast.HqlSqlWalker.resolve(HqlSqlWalker.java:883)
	at org.hibernate.hql.internal.antlr.HqlSqlBaseWalker.expr(HqlSqlBaseWalker.java:1267)
	at org.hibernate.hql.internal.antlr.HqlSqlBaseWalker.exprOrSubquery(HqlSqlBaseWalker.java:4552)
	at org.hibernate.hql.internal.antlr.HqlSqlBaseWalker.comparisonExpr(HqlSqlBaseWalker.java:4022)
	at org.hibernate.hql.internal.antlr.HqlSqlBaseWalker.logicalExpr(HqlSqlBaseWalker.java:2102)
	at org.hibernate.hql.internal.antlr.HqlSqlBaseWalker.logicalExpr(HqlSqlBaseWalker.java:2027)
	at org.hibernate.hql.internal.antlr.HqlSqlBaseWalker.whereClause(HqlSqlBaseWalker.java:796)
	at org.hibernate.hql.internal.antlr.HqlSqlBaseWalker.query(HqlSqlBaseWalker.java:597)
	at org.hibernate.hql.internal.antlr.HqlSqlBaseWalker.selectStatement(HqlSqlBaseWalker.java:301)
	at org.hibernate.hql.internal.antlr.HqlSqlBaseWalker.statement(HqlSqlBaseWalker.java:249)
	at org.hibernate.hql.internal.ast.QueryTranslatorImpl.analyze(QueryTranslatorImpl.java:250)
	at org.hibernate.hql.internal.ast.QueryTranslatorImpl.doCompile(QueryTranslatorImpl.java:185)
	at org.hibernate.hql.internal.ast.QueryTranslatorImpl.compile(QueryTranslatorImpl.java:138)
	at org.hibernate.engine.query.spi.HQLQueryPlan.&lt;init&gt;(HQLQueryPlan.java:104)
	at org.hibernate.engine.query.spi.HQLQueryPlan.&lt;init&gt;(HQLQueryPlan.java:79)
	at org.hibernate.engine.query.spi.QueryPlanCache.getHQLQueryPlan(QueryPlanCache.java:168)
	at org.hibernate.internal.AbstractSessionImpl.getHQLQueryPlan(AbstractSessionImpl.java:222)
	at org.hibernate.internal.AbstractSessionImpl.createQuery(AbstractSessionImpl.java:200)
	at org.hibernate.internal.SessionImpl.createQuery(SessionImpl.java:1739)
	at org.hibernate.ejb.AbstractEntityManagerImpl.createQuery(AbstractEntityManagerImpl.java:301)
	... 56 more
</failure>
    <system-err>Feb 16, 2016 12:47:39 AM org.springframework.test.context.transaction.TransactionContext endTransaction
INFO: Rolled back transaction for test context [DefaultTestContext@1059754c testClass = ApplicationDaoTest, testInstance = gapp.model.dao.ApplicationDaoTest@48503868, testMethod = listApplication@ApplicationDaoTest, testException = java.lang.AssertionError, mergedContextConfiguration = [MergedContextConfiguration@b0964b2 testClass = ApplicationDaoTest, locations = &apos;{classpath:applicationContext.xml}&apos;, classes = &apos;{}&apos;, contextInitializerClasses = &apos;[]&apos;, activeProfiles = &apos;{}&apos;, propertySourceLocations = &apos;{}&apos;, propertySourceProperties = &apos;{}&apos;, contextLoader = &apos;org.springframework.test.context.support.DelegatingSmartContextLoader&apos;, parent = [null]]].
Feb 16, 2016 12:47:39 AM org.springframework.test.context.transaction.TransactionContext startTransaction
INFO: Began transaction (1) for test context [DefaultTestContext@1059754c testClass = ApplicationDaoTest, testInstance = gapp.model.dao.ApplicationDaoTest@48503868, testMethod = listSubmited@ApplicationDaoTest, testException = [null], mergedContextConfiguration = [MergedContextConfiguration@b0964b2 testClass = ApplicationDaoTest, locations = &apos;{classpath:applicationContext.xml}&apos;, classes = &apos;{}&apos;, contextInitializerClasses = &apos;[]&apos;, activeProfiles = &apos;{}&apos;, propertySourceLocations = &apos;{}&apos;, propertySourceProperties = &apos;{}&apos;, contextLoader = &apos;org.springframework.test.context.support.DelegatingSmartContextLoader&apos;, parent = [null]]]; transaction manager [org.springframework.orm.jpa.JpaTransactionManager@48e7b3d2]; rollback [true]
</system-err>
  </testcase>
  <testcase classname="gapp.model.dao.DepartmentDaoTest" name="getDepartments" time="0.029">
    <failure type="java.lang.AssertionError">java.lang.AssertionError
	at gapp.model.dao.DepartmentDaoTest.getDepartments(DepartmentDaoTest.java:24)
</failure>
    <system-err>Feb 16, 2016 12:47:39 AM org.springframework.test.context.transaction.TransactionContext endTransaction
INFO: Rolled back transaction for test context [DefaultTestContext@1059754c testClass = ApplicationDaoTest, testInstance = gapp.model.dao.ApplicationDaoTest@48503868, testMethod = listSubmited@ApplicationDaoTest, testException = org.springframework.dao.InvalidDataAccessApiUsageException: org.hibernate.QueryException: could not resolve property: username of: gapp.model.Users [from gapp.model.Application where student.user.username = &apos;student1&apos; and student.user.email = &apos;student1@localhost.localdomain&apos;]; nested exception is java.lang.IllegalArgumentException: org.hibernate.QueryException: could not resolve property: username of: gapp.model.Users [from gapp.model.Application where student.user.username = &apos;student1&apos; and student.user.email = &apos;student1@localhost.localdomain&apos;], mergedContextConfiguration = [MergedContextConfiguration@b0964b2 testClass = ApplicationDaoTest, locations = &apos;{classpath:applicationContext.xml}&apos;, classes = &apos;{}&apos;, contextInitializerClasses = &apos;[]&apos;, activeProfiles = &apos;{}&apos;, propertySourceLocations = &apos;{}&apos;, propertySourceProperties = &apos;{}&apos;, contextLoader = &apos;org.springframework.test.context.support.DelegatingSmartContextLoader&apos;, parent = [null]]].
Feb 16, 2016 12:47:39 AM org.springframework.test.context.transaction.TransactionContext startTransaction
INFO: Began transaction (1) for test context [DefaultTestContext@3f36b447 testClass = DepartmentDaoTest, testInstance = gapp.model.dao.DepartmentDaoTest@74650e52, testMethod = getDepartments@DepartmentDaoTest, testException = [null], mergedContextConfiguration = [MergedContextConfiguration@6443b128 testClass = DepartmentDaoTest, locations = &apos;{classpath:applicationContext.xml}&apos;, classes = &apos;{}&apos;, contextInitializerClasses = &apos;[]&apos;, activeProfiles = &apos;{}&apos;, propertySourceLocations = &apos;{}&apos;, propertySourceProperties = &apos;{}&apos;, contextLoader = &apos;org.springframework.test.context.support.DelegatingSmartContextLoader&apos;, parent = [null]]]; transaction manager [org.springframework.orm.jpa.JpaTransactionManager@48e7b3d2]; rollback [true]
</system-err>
  </testcase>
</testsuite>